#
# There is insufficient memory for the Java Runtime Environment to continue.
# Native memory allocation (mmap) failed to map 59768832 bytes for committing reserved memory.
# Possible reasons:
#   The system is out of physical RAM or swap space
#   The process is running with CompressedOops enabled, and the Java Heap may be blocking the growth of the native heap
# Possible solutions:
#   Reduce memory load on the system
#   Increase physical memory or swap space
#   Check if swap backing store is full
#   Decrease Java heap size (-Xmx/-Xms)
#   Decrease number of Java threads
#   Decrease Java thread stack sizes (-Xss)
#   Set larger code cache with -XX:ReservedCodeCacheSize=
#   JVM is running with Unscaled Compressed Oops mode in which the Java heap is
#     placed in the first 4GB address space. The Java Heap base address is the
#     maximum limit for the native heap growth. Please use -XX:HeapBaseMinAddress
#     to set the Java Heap base and to place the Java Heap above 4GB virtual address.
# This output file may be truncated or incomplete.
#
#  Out of Memory Error (os_linux.cpp:2706), pid=26830, tid=26857
#
# JRE version: OpenJDK Runtime Environment (10.0.1+10) (build 10.0.1+10-Ubuntu-3ubuntu1)
# Java VM: OpenJDK 64-Bit Server VM (10.0.1+10-Ubuntu-3ubuntu1, mixed mode, tiered, compressed oops, g1 gc, linux-amd64)
# Core dump will be written. Default location: Core dumps may be processed with "/usr/share/apport/apport %p %s %c %d %P" (or dumping to /home/darshana/FYP/neural network/core.26830)
#

---------------  S U M M A R Y ------------

Command Line: --add-modules=ALL-SYSTEM --add-opens=java.base/java.util=ALL-UNNAMED --add-opens=java.base/java.lang=ALL-UNNAMED -Declipse.application=org.eclipse.jdt.ls.core.id1 -Dosgi.bundles.defaultStartLevel=4 -Declipse.product=org.eclipse.jdt.ls.core.product -Xverify:none -Xmx1G -XX:+UseG1GC -XX:+UseStringDeduplication /home/darshana/.vscode/extensions/redhat.java-0.26.0/server/plugins/org.eclipse.equinox.launcher_1.5.0.v20180512-1130.jar -configuration /home/darshana/.vscode/extensions/redhat.java-0.26.0/server/config_linux -data /tmp/vscodesws_cbbe6/jdt_ws

Host: Intel(R) Core(TM) i5-4210U CPU @ 1.70GHz, 4 cores, 7G, Ubuntu 18.04 LTS
Time: Fri Jun 15 19:44:53 2018 +0530 elapsed time: 1510 seconds (0d 0h 25m 10s)

---------------  T H R E A D  ---------------

Current thread (0x00007f295015f800):  VMThread "VM Thread" [stack: 0x00007f291d0f4000,0x00007f291d1f4000] [id=26857]

Stack: [0x00007f291d0f4000,0x00007f291d1f4000],  sp=0x00007f291d1f20a0,  free space=1016k
Native frames: (J=compiled Java code, A=aot compiled Java code, j=interpreted, Vv=VM code, C=native code)
V  [libjvm.so+0xd27dc4]
V  [libjvm.so+0xd2896b]
V  [libjvm.so+0x64d415]
V  [libjvm.so+0xb2d6e8]
V  [libjvm.so+0xb25f3d]
V  [libjvm.so+0x7662ff]
V  [libjvm.so+0x76653e]
V  [libjvm.so+0x769500]
V  [libjvm.so+0x7efa1c]
V  [libjvm.so+0x7f06df]
V  [libjvm.so+0x7f0b59]
V  [libjvm.so+0x7162cf]
V  [libjvm.so+0x71a3ba]
V  [libjvm.so+0xd39f28]
V  [libjvm.so+0xd38791]
V  [libjvm.so+0xd35a5b]
V  [libjvm.so+0xd3707e]
V  [libjvm.so+0xd374a8]
V  [libjvm.so+0xb33c60]

VM_Operation (0x00007f28e14b3270): G1IncCollectionPause, mode: safepoint, requested by thread 0x00007f28bc652000


---------------  P R O C E S S  ---------------

Threads class SMR info:
_java_thread_list=0x00007f28c8000b20, length=24, elements={
0x00007f2950011800, 0x00007f2950169800, 0x00007f295016b800, 0x00007f295017e800,
0x00007f2950181000, 0x00007f2950183000, 0x00007f2950185000, 0x00007f2950187000,
0x00007f2950255000, 0x00007f29502c5000, 0x00007f2950425800, 0x00007f2950464000,
0x00007f2950469000, 0x00007f28c4088000, 0x00007f28c41c3000, 0x00007f28b8004800,
0x00007f28c4377800, 0x00007f295046c800, 0x00007f2950598000, 0x00007f28b0011000,
0x00007f28bc652000, 0x00007f28c42cb000, 0x00007f28c0005000, 0x00007f28b0028000
}

Java Threads: ( => current thread )
  0x00007f2950011800 JavaThread "main" [_thread_blocked, id=26835, stack(0x00007f295777f000,0x00007f2957880000)]
  0x00007f2950169800 JavaThread "Reference Handler" daemon [_thread_blocked, id=26858, stack(0x00007f291cff1000,0x00007f291d0f2000)]
  0x00007f295016b800 JavaThread "Finalizer" daemon [_thread_blocked, id=26859, stack(0x00007f291cef0000,0x00007f291cff1000)]
  0x00007f295017e800 JavaThread "Signal Dispatcher" daemon [_thread_blocked, id=26860, stack(0x00007f291c41f000,0x00007f291c520000)]
  0x00007f2950181000 JavaThread "C2 CompilerThread0" daemon [_thread_blocked, id=26861, stack(0x00007f291c31e000,0x00007f291c41f000)]
  0x00007f2950183000 JavaThread "C2 CompilerThread1" daemon [_thread_blocked, id=26862, stack(0x00007f291c21d000,0x00007f291c31e000)]
  0x00007f2950185000 JavaThread "C1 CompilerThread2" daemon [_thread_blocked, id=26863, stack(0x00007f291c11c000,0x00007f291c21d000)]
  0x00007f2950187000 JavaThread "Sweeper thread" daemon [_thread_blocked, id=26864, stack(0x00007f291c01b000,0x00007f291c11c000)]
  0x00007f2950255000 JavaThread "Common-Cleaner" daemon [_thread_blocked, id=26869, stack(0x00007f28e3eff000,0x00007f28e4000000)]
  0x00007f29502c5000 JavaThread "Service Thread" daemon [_thread_blocked, id=26872, stack(0x00007f28e3dfe000,0x00007f28e3eff000)]
  0x00007f2950425800 JavaThread "Active Thread: Equinox Container: 330d2639-1066-421c-b134-cfac36cda47d" [_thread_blocked, id=26901, stack(0x00007f28e33d1000,0x00007f28e34d2000)]
  0x00007f2950464000 JavaThread "Framework Event Dispatcher: Equinox Container: 330d2639-1066-421c-b134-cfac36cda47d" daemon [_thread_blocked, id=26902, stack(0x00007f28e32d0000,0x00007f28e33d1000)]
  0x00007f2950469000 JavaThread "Start Level: Equinox Container: 330d2639-1066-421c-b134-cfac36cda47d" daemon [_thread_blocked, id=26903, stack(0x00007f28e31cf000,0x00007f28e32d0000)]
  0x00007f28c4088000 JavaThread "Worker-JM" [_thread_blocked, id=26911, stack(0x00007f28e2cbd000,0x00007f28e2dbe000)]
  0x00007f28c41c3000 JavaThread "Worker-1: Initialize Workspace" [_thread_blocked, id=26916, stack(0x00007f28e26bb000,0x00007f28e27bc000)]
  0x00007f28b8004800 JavaThread "Worker-2: Updating Maven Dependencies" [_thread_blocked, id=26919, stack(0x00007f28e25ba000,0x00007f28e26bb000)]
  0x00007f28c4377800 JavaThread "Java indexing" daemon [_thread_blocked, id=26961, stack(0x00007f28e24b9000,0x00007f28e25ba000)]
  0x00007f295046c800 JavaThread "pool-2-thread-1" [_thread_blocked, id=26962, stack(0x00007f28e27bc000,0x00007f28e28bd000)]
  0x00007f2950598000 JavaThread "pool-1-thread-1" [_thread_in_native, id=26963, stack(0x00007f28e1db8000,0x00007f28e1eb9000)]
  0x00007f28b0011000 JavaThread "Worker-4: Repository registry initialization" [_thread_in_native, id=27038, stack(0x00007f28e14b7000,0x00007f28e15b8000)]
  0x00007f28bc652000 JavaThread "Worker-5: Loading available Gradle versions" [_thread_blocked, id=27041, stack(0x00007f28e13b6000,0x00007f28e14b7000)]
  0x00007f28c42cb000 JavaThread "Worker-6" [_thread_blocked, id=27047, stack(0x00007f28e0eb5000,0x00007f28e0fb6000)]
  0x00007f28c0005000 JavaThread "Worker-7" [_thread_blocked, id=27049, stack(0x00007f28e0db4000,0x00007f28e0eb5000)]
  0x00007f28b0028000 JavaThread "process reaper" daemon [_thread_blocked, id=27050, stack(0x00007f29576b6000,0x00007f29576d8000)]

Other Threads:
=>0x00007f295015f800 VMThread "VM Thread" [stack: 0x00007f291d0f4000,0x00007f291d1f4000] [id=26857]
  0x00007f29502c7000 WatcherThread [stack: 0x00007f28e3cfe000,0x00007f28e3dfe000] [id=26873]
  0x00007f2950028800 GCTaskThread "GC Thread#0" [stack: 0x00007f293731c000,0x00007f293741c000] [id=26836]
  0x00007f295002a000 GCTaskThread "GC Thread#1" [stack: 0x00007f293721a000,0x00007f293731a000] [id=26837]
  0x00007f295002b800 GCTaskThread "GC Thread#2" [stack: 0x00007f2937118000,0x00007f2937218000] [id=26838]
  0x00007f295002d000 GCTaskThread "GC Thread#3" [stack: 0x00007f2937016000,0x00007f2937116000] [id=26839]
  0x00007f2950067000 ConcurrentGCThread "G1 Main Marker" [stack: 0x00007f2934510000,0x00007f2934610000] [id=26840]
  0x00007f2950068800 ConcurrentGCThread "G1 Conc#0" [stack: 0x00007f293440e000,0x00007f293450e000] [id=26841]
  0x00007f29500cd800 ConcurrentGCThread "G1 Refine#0" [stack: 0x00007f291df00000,0x00007f291e000000] [id=26842]
  0x00007f29500cf000 ConcurrentGCThread "G1 Refine#1" [stack: 0x00007f291ddfe000,0x00007f291defe000] [id=26843]
  0x00007f29500d0800 ConcurrentGCThread "G1 Refine#2" [stack: 0x00007f291dcfc000,0x00007f291ddfc000] [id=26844]
  0x00007f29500d2800 ConcurrentGCThread "G1 Refine#3" [stack: 0x00007f291dbfa000,0x00007f291dcfa000] [id=26845]
  0x00007f29500d4000 ConcurrentGCThread "G1 Young RemSet Sampling" [stack: 0x00007f291daf8000,0x00007f291dbf8000] [id=26846]
  0x00007f29500db000 ConcurrentGCThread "G1 StrDedup" [stack: 0x00007f291d9f6000,0x00007f291daf6000] [id=26847]

Threads with active compile tasks:

VM state:at safepoint (normal execution)

VM Mutex/Monitor currently owned by a thread:  ([mutex/lock_event])
[0x00007f295000e170] Threads_lock - owner thread: 0x00007f295015f800
[0x00007f295000e710] Heap_lock - owner thread: 0x00007f28bc652000

Heap address: 0x00000000c0000000, size: 1024 MB, Compressed Oops mode: 32-bit
Narrow klass base: 0x0000000000000000, Narrow klass shift: 3
Compressed class space size: 1073741824 Address: 0x0000000100000000

Heap:
 garbage-first heap   total 229376K, used 20073K [0x00000000c0000000, 0x0000000100000000)
  region size 1024K, 1 young (1024K), 1 survivors (1024K)
 Metaspace       used 39217K, capacity 41372K, committed 41472K, reserved 1085440K
  class space    used 3844K, capacity 4579K, committed 4608K, reserved 1048576K
Heap Regions: E=young(eden), S=young(survivor), O=old, HS=humongous(starts), HC=humongous(continues), CS=collection set, F=free, A=archive, TS=gc time stamp, AC=allocation context, TAMS=top-at-mark-start (previous, next)
|   0|0x00000000c0000000, 0x00000000c0100000, 0x00000000c0100000|100%| O|  |TS  0|AC  0|TAMS 0x00000000c0100000, 0x00000000c0100000|
|   1|0x00000000c0100000, 0x00000000c0200000, 0x00000000c0200000|100%| O|  |TS  0|AC  0|TAMS 0x00000000c0200000, 0x00000000c0200000|
|   2|0x00000000c0200000, 0x00000000c0300000, 0x00000000c0300000|100%| O|  |TS  0|AC  0|TAMS 0x00000000c0300000, 0x00000000c0300000|
|   3|0x00000000c0300000, 0x00000000c0400000, 0x00000000c0400000|100%| O|  |TS  0|AC  0|TAMS 0x00000000c0400000, 0x00000000c0400000|
|   4|0x00000000c0400000, 0x00000000c0500000, 0x00000000c0500000|100%| O|  |TS  0|AC  0|TAMS 0x00000000c0500000, 0x00000000c0500000|
|   5|0x00000000c0500000, 0x00000000c0600000, 0x00000000c0600000|100%| O|  |TS  0|AC  0|TAMS 0x00000000c0600000, 0x00000000c0600000|
|   6|0x00000000c0600000, 0x00000000c0700000, 0x00000000c0700000|100%| O|  |TS  0|AC  0|TAMS 0x00000000c0700000, 0x00000000c0700000|
|   7|0x00000000c0700000, 0x00000000c0800000, 0x00000000c0800000|100%| O|  |TS  0|AC  0|TAMS 0x00000000c0800000, 0x00000000c0800000|
|   8|0x00000000c0800000, 0x00000000c0900000, 0x00000000c0900000|100%| O|  |TS  0|AC  0|TAMS 0x00000000c0900000, 0x00000000c0900000|
|   9|0x00000000c0900000, 0x00000000c0a00000, 0x00000000c0a00000|100%| O|  |TS  0|AC  0|TAMS 0x00000000c0a00000, 0x00000000c0a00000|
|  10|0x00000000c0a00000, 0x00000000c0b00000, 0x00000000c0b00000|100%| O|  |TS  0|AC  0|TAMS 0x00000000c0b00000, 0x00000000c0b00000|
|  11|0x00000000c0b00000, 0x00000000c0c00000, 0x00000000c0c00000|100%| O|  |TS  0|AC  0|TAMS 0x00000000c0c00000, 0x00000000c0c00000|
|  12|0x00000000c0c00000, 0x00000000c0d00000, 0x00000000c0d00000|100%| O|  |TS  0|AC  0|TAMS 0x00000000c0d00000, 0x00000000c0d00000|
|  13|0x00000000c0d00000, 0x00000000c0e00000, 0x00000000c0e00000|100%| O|  |TS  0|AC  0|TAMS 0x00000000c0e00000, 0x00000000c0e00000|
|  14|0x00000000c0e00000, 0x00000000c0f00000, 0x00000000c0f00000|100%| O|  |TS  1|AC  0|TAMS 0x00000000c0e6ba00, 0x00000000c0e6ba00|
|  15|0x00000000c0f00000, 0x00000000c1000000, 0x00000000c1000000|100%| O|  |TS  3|AC  0|TAMS 0x00000000c0f00000, 0x00000000c0f00000|
|  16|0x00000000c1000000, 0x00000000c1100000, 0x00000000c1100000|100%| O|  |TS  4|AC  0|TAMS 0x00000000c1000000, 0x00000000c1000000|
|  17|0x00000000c1100000, 0x00000000c1200000, 0x00000000c1200000|100%| O|  |TS  4|AC  0|TAMS 0x00000000c1100000, 0x00000000c1100000|
|  18|0x00000000c1200000, 0x00000000c129a400, 0x00000000c1300000| 60%| O|  |TS  4|AC  0|TAMS 0x00000000c1200000, 0x00000000c1200000|
|  19|0x00000000c1300000, 0x00000000c1300000, 0x00000000c1400000|  0%| F|  |TS  0|AC  0|TAMS 0x00000000c1300000, 0x00000000c1300000|
|  20|0x00000000c1400000, 0x00000000c1400000, 0x00000000c1500000|  0%| F|  |TS  0|AC  0|TAMS 0x00000000c1400000, 0x00000000c1400000|
|  21|0x00000000c1500000, 0x00000000c1500000, 0x00000000c1600000|  0%| F|  |TS  0|AC  0|TAMS 0x00000000c1500000, 0x00000000c1500000|
|  22|0x00000000c1600000, 0x00000000c1600000, 0x00000000c1700000|  0%| F|  |TS  0|AC  0|TAMS 0x00000000c1600000, 0x00000000c1600000|
|  23|0x00000000c1700000, 0x00000000c1700000, 0x00000000c1800000|  0%| F|  |TS  0|AC  0|TAMS 0x00000000c1700000, 0x00000000c1700000|
|  24|0x00000000c1800000, 0x00000000c1800000, 0x00000000c1900000|  0%| F|  |TS  0|AC  0|TAMS 0x00000000c1800000, 0x00000000c1800000|
|  25|0x00000000c1900000, 0x00000000c1900000, 0x00000000c1a00000|  0%| F|  |TS  0|AC  0|TAMS 0x00000000c1900000, 0x00000000c1900000|
|  26|0x00000000c1a00000, 0x00000000c1a00000, 0x00000000c1b00000|  0%| F|  |TS  0|AC  0|TAMS 0x00000000c1a00000, 0x00000000c1a00000|
|  27|0x00000000c1b00000, 0x00000000c1b00000, 0x00000000c1c00000|  0%| F|  |TS  0|AC  0|TAMS 0x00000000c1b00000, 0x00000000c1b00000|
|  28|0x00000000c1c00000, 0x00000000c1c00000, 0x00000000c1d00000|  0%| F|  |TS  0|AC  0|TAMS 0x00000000c1c00000, 0x00000000c1c00000|
|  29|0x00000000c1d00000, 0x00000000c1d00000, 0x00000000c1e00000|  0%| F|  |TS  0|AC  0|TAMS 0x00000000c1d00000, 0x00000000c1d00000|
|  30|0x00000000c1e00000, 0x00000000c1e00000, 0x00000000c1f00000|  0%| F|  |TS  0|AC  0|TAMS 0x00000000c1e00000, 0x00000000c1e00000|
|  31|0x00000000c1f00000, 0x00000000c1f00000, 0x00000000c2000000|  0%| F|  |TS  0|AC  0|TAMS 0x00000000c1f00000, 0x00000000c1f00000|
|  32|0x00000000c2000000, 0x00000000c2000000, 0x00000000c2100000|  0%| F|  |TS  0|AC  0|TAMS 0x00000000c2000000, 0x00000000c2000000|
|  33|0x00000000c2100000, 0x00000000c2100000, 0x00000000c2200000|  0%| F|  |TS  0|AC  0|TAMS 0x00000000c2100000, 0x00000000c2100000|
|  34|0x00000000c2200000, 0x00000000c2200000, 0x00000000c2300000|  0%| F|  |TS  0|AC  0|TAMS 0x00000000c2200000, 0x00000000c2200000|
|  35|0x00000000c2300000, 0x00000000c2300000, 0x00000000c2400000|  0%| F|  |TS  0|AC  0|TAMS 0x00000000c2300000, 0x00000000c2300000|
|  36|0x00000000c2400000, 0x00000000c2400000, 0x00000000c2500000|  0%| F|  |TS  0|AC  0|TAMS 0x00000000c2400000, 0x00000000c2400000|
|  37|0x00000000c2500000, 0x00000000c2500000, 0x00000000c2600000|  0%| F|  |TS  0|AC  0|TAMS 0x00000000c2500000, 0x00000000c2500000|
|  38|0x00000000c2600000, 0x00000000c2600000, 0x00000000c2700000|  0%| F|  |TS  0|AC  0|TAMS 0x00000000c2600000, 0x00000000c2600000|
|  39|0x00000000c2700000, 0x00000000c2700000, 0x00000000c2800000|  0%| F|  |TS  0|AC  0|TAMS 0x00000000c2700000, 0x00000000c2700000|
|  40|0x00000000c2800000, 0x00000000c2800000, 0x00000000c2900000|  0%| F|  |TS  0|AC  0|TAMS 0x00000000c2800000, 0x00000000c2800000|
|  41|0x00000000c2900000, 0x00000000c2900000, 0x00000000c2a00000|  0%| F|  |TS  0|AC  0|TAMS 0x00000000c2900000, 0x00000000c2900000|
|  42|0x00000000c2a00000, 0x00000000c2a00000, 0x00000000c2b00000|  0%| F|  |TS  0|AC  0|TAMS 0x00000000c2a00000, 0x00000000c2a00000|
|  43|0x00000000c2b00000, 0x00000000c2b00000, 0x00000000c2c00000|  0%| F|  |TS  0|AC  0|TAMS 0x00000000c2b00000, 0x00000000c2b00000|
|  44|0x00000000c2c00000, 0x00000000c2c00000, 0x00000000c2d00000|  0%| F|  |TS  0|AC  0|TAMS 0x00000000c2c00000, 0x00000000c2c00000|
|  45|0x00000000c2d00000, 0x00000000c2d00000, 0x00000000c2e00000|  0%| F|  |TS  0|AC  0|TAMS 0x00000000c2d00000, 0x00000000c2d00000|
|  46|0x00000000c2e00000, 0x00000000c2e00000, 0x00000000c2f00000|  0%| F|  |TS  0|AC  0|TAMS 0x00000000c2e00000, 0x00000000c2e00000|
|  47|0x00000000c2f00000, 0x00000000c2f00000, 0x00000000c3000000|  0%| F|  |TS  0|AC  0|TAMS 0x00000000c2f00000, 0x00000000c2f00000|
|  48|0x00000000c3000000, 0x00000000c3000000, 0x00000000c3100000|  0%| F|  |TS  0|AC  0|TAMS 0x00000000c3000000, 0x00000000c3000000|
|  49|0x00000000c3100000, 0x00000000c3100000, 0x00000000c3200000|  0%| F|  |TS  0|AC  0|TAMS 0x00000000c3100000, 0x00000000c3100000|
|  50|0x00000000c3200000, 0x00000000c3200000, 0x00000000c3300000|  0%| F|  |TS  0|AC  0|TAMS 0x00000000c3200000, 0x00000000c3200000|
|  51|0x00000000c3300000, 0x00000000c3300000, 0x00000000c3400000|  0%| F|  |TS  0|AC  0|TAMS 0x00000000c3300000, 0x00000000c3300000|
|  52|0x00000000c3400000, 0x00000000c3400000, 0x00000000c3500000|  0%| F|  |TS  0|AC  0|TAMS 0x00000000c3400000, 0x00000000c3400000|
|  53|0x00000000c3500000, 0x00000000c3500000, 0x00000000c3600000|  0%| F|  |TS  0|AC  0|TAMS 0x00000000c3500000, 0x00000000c3500000|
|  54|0x00000000c3600000, 0x00000000c3600000, 0x00000000c3700000|  0%| F|  |TS  0|AC  0|TAMS 0x00000000c3600000, 0x00000000c3600000|
|  55|0x00000000c3700000, 0x00000000c3700000, 0x00000000c3800000|  0%| F|  |TS  0|AC  0|TAMS 0x00000000c3700000, 0x00000000c3700000|
|  56|0x00000000c3800000, 0x00000000c3800000, 0x00000000c3900000|  0%| F|  |TS  0|AC  0|TAMS 0x00000000c3800000, 0x00000000c3800000|
|  57|0x00000000c3900000, 0x00000000c3900000, 0x00000000c3a00000|  0%| F|  |TS  0|AC  0|TAMS 0x00000000c3900000, 0x00000000c3900000|
|  58|0x00000000c3a00000, 0x00000000c3a00000, 0x00000000c3b00000|  0%| F|  |TS  0|AC  0|TAMS 0x00000000c3a00000, 0x00000000c3a00000|
|  59|0x00000000c3b00000, 0x00000000c3b00000, 0x00000000c3c00000|  0%| F|  |TS  0|AC  0|TAMS 0x00000000c3b00000, 0x00000000c3b00000|
|  60|0x00000000c3c00000, 0x00000000c3c00000, 0x00000000c3d00000|  0%| F|  |TS  0|AC  0|TAMS 0x00000000c3c00000, 0x00000000c3c00000|
|  61|0x00000000c3d00000, 0x00000000c3d00000, 0x00000000c3e00000|  0%| F|  |TS  0|AC  0|TAMS 0x00000000c3d00000, 0x00000000c3d00000|
|  62|0x00000000c3e00000, 0x00000000c3e00000, 0x00000000c3f00000|  0%| F|  |TS  0|AC  0|TAMS 0x00000000c3e00000, 0x00000000c3e00000|
|  63|0x00000000c3f00000, 0x00000000c3f00000, 0x00000000c4000000|  0%| F|  |TS  0|AC  0|TAMS 0x00000000c3f00000, 0x00000000c3f00000|
|  64|0x00000000c4000000, 0x00000000c4000000, 0x00000000c4100000|  0%| F|  |TS  0|AC  0|TAMS 0x00000000c4000000, 0x00000000c4000000|
|  65|0x00000000c4100000, 0x00000000c4100000, 0x00000000c4200000|  0%| F|  |TS  0|AC  0|TAMS 0x00000000c4100000, 0x00000000c4100000|
|  66|0x00000000c4200000, 0x00000000c4200000, 0x00000000c4300000|  0%| F|  |TS  0|AC  0|TAMS 0x00000000c4200000, 0x00000000c4200000|
|  67|0x00000000c4300000, 0x00000000c4300000, 0x00000000c4400000|  0%| F|  |TS  0|AC  0|TAMS 0x00000000c4300000, 0x00000000c4300000|
|  68|0x00000000c4400000, 0x00000000c4400000, 0x00000000c4500000|  0%| F|  |TS  0|AC  0|TAMS 0x00000000c4400000, 0x00000000c4400000|
|  69|0x00000000c4500000, 0x00000000c4500000, 0x00000000c4600000|  0%| F|  |TS  0|AC  0|TAMS 0x00000000c4500000, 0x00000000c4500000|
|  70|0x00000000c4600000, 0x00000000c4600000, 0x00000000c4700000|  0%| F|  |TS  0|AC  0|TAMS 0x00000000c4600000, 0x00000000c4600000|
|  71|0x00000000c4700000, 0x00000000c4700000, 0x00000000c4800000|  0%| F|  |TS  0|AC  0|TAMS 0x00000000c4700000, 0x00000000c4700000|
|  72|0x00000000c4800000, 0x00000000c4800000, 0x00000000c4900000|  0%| F|  |TS  0|AC  0|TAMS 0x00000000c4800000, 0x00000000c4800000|
|  73|0x00000000c4900000, 0x00000000c4900000, 0x00000000c4a00000|  0%| F|  |TS  0|AC  0|TAMS 0x00000000c4900000, 0x00000000c4900000|
|  74|0x00000000c4a00000, 0x00000000c4a00000, 0x00000000c4b00000|  0%| F|  |TS  0|AC  0|TAMS 0x00000000c4a00000, 0x00000000c4a00000|
|  75|0x00000000c4b00000, 0x00000000c4b00000, 0x00000000c4c00000|  0%| F|  |TS  0|AC  0|TAMS 0x00000000c4b00000, 0x00000000c4b00000|
|  76|0x00000000c4c00000, 0x00000000c4c00000, 0x00000000c4d00000|  0%| F|  |TS  0|AC  0|TAMS 0x00000000c4c00000, 0x00000000c4c00000|
|  77|0x00000000c4d00000, 0x00000000c4d00000, 0x00000000c4e00000|  0%| F|  |TS  0|AC  0|TAMS 0x00000000c4d00000, 0x00000000c4d00000|
|  78|0x00000000c4e00000, 0x00000000c4e00000, 0x00000000c4f00000|  0%| F|  |TS  0|AC  0|TAMS 0x00000000c4e00000, 0x00000000c4e00000|
|  79|0x00000000c4f00000, 0x00000000c4f00000, 0x00000000c5000000|  0%| F|  |TS  0|AC  0|TAMS 0x00000000c4f00000, 0x00000000c4f00000|
|  80|0x00000000c5000000, 0x00000000c5000000, 0x00000000c5100000|  0%| F|  |TS  0|AC  0|TAMS 0x00000000c5000000, 0x00000000c5000000|
|  81|0x00000000c5100000, 0x00000000c5100000, 0x00000000c5200000|  0%| F|  |TS  0|AC  0|TAMS 0x00000000c5100000, 0x00000000c5100000|
|  82|0x00000000c5200000, 0x00000000c5200000, 0x00000000c5300000|  0%| F|  |TS  0|AC  0|TAMS 0x00000000c5200000, 0x00000000c5200000|
|  83|0x00000000c5300000, 0x00000000c5300000, 0x00000000c5400000|  0%| F|  |TS  0|AC  0|TAMS 0x00000000c5300000, 0x00000000c5300000|
|  84|0x00000000c5400000, 0x00000000c5400000, 0x00000000c5500000|  0%| F|  |TS  0|AC  0|TAMS 0x00000000c5400000, 0x00000000c5400000|
|  85|0x00000000c5500000, 0x00000000c5500000, 0x00000000c5600000|  0%| F|  |TS  0|AC  0|TAMS 0x00000000c5500000, 0x00000000c5500000|
|  86|0x00000000c5600000, 0x00000000c5600000, 0x00000000c5700000|  0%| F|  |TS  0|AC  0|TAMS 0x00000000c5600000, 0x00000000c5600000|
|  87|0x00000000c5700000, 0x00000000c5700000, 0x00000000c5800000|  0%| F|  |TS  0|AC  0|TAMS 0x00000000c5700000, 0x00000000c5700000|
|  88|0x00000000c5800000, 0x00000000c5800000, 0x00000000c5900000|  0%| F|  |TS  0|AC  0|TAMS 0x00000000c5800000, 0x00000000c5800000|
|  89|0x00000000c5900000, 0x00000000c5900000, 0x00000000c5a00000|  0%| F|  |TS  0|AC  0|TAMS 0x00000000c5900000, 0x00000000c5900000|
|  90|0x00000000c5a00000, 0x00000000c5a00000, 0x00000000c5b00000|  0%| F|  |TS  0|AC  0|TAMS 0x00000000c5a00000, 0x00000000c5a00000|
|  91|0x00000000c5b00000, 0x00000000c5b00000, 0x00000000c5c00000|  0%| F|  |TS  0|AC  0|TAMS 0x00000000c5b00000, 0x00000000c5b00000|
|  92|0x00000000c5c00000, 0x00000000c5c00000, 0x00000000c5d00000|  0%| F|  |TS  0|AC  0|TAMS 0x00000000c5c00000, 0x00000000c5c00000|
|  93|0x00000000c5d00000, 0x00000000c5d00000, 0x00000000c5e00000|  0%| F|  |TS  0|AC  0|TAMS 0x00000000c5d00000, 0x00000000c5d00000|
|  94|0x00000000c5e00000, 0x00000000c5e00000, 0x00000000c5f00000|  0%| F|  |TS  0|AC  0|TAMS 0x00000000c5e00000, 0x00000000c5e00000|
|  95|0x00000000c5f00000, 0x00000000c5f00000, 0x00000000c6000000|  0%| F|  |TS  0|AC  0|TAMS 0x00000000c5f00000, 0x00000000c5f00000|
|  96|0x00000000c6000000, 0x00000000c6000000, 0x00000000c6100000|  0%| F|  |TS  0|AC  0|TAMS 0x00000000c6000000, 0x00000000c6000000|
|  97|0x00000000c6100000, 0x00000000c6100000, 0x00000000c6200000|  0%| F|  |TS  0|AC  0|TAMS 0x00000000c6100000, 0x00000000c6100000|
|  98|0x00000000c6200000, 0x00000000c6200000, 0x00000000c6300000|  0%| F|  |TS  0|AC  0|TAMS 0x00000000c6200000, 0x00000000c6200000|
|  99|0x00000000c6300000, 0x00000000c6300000, 0x00000000c6400000|  0%| F|  |TS  0|AC  0|TAMS 0x00000000c6300000, 0x00000000c6300000|
| 100|0x00000000c6400000, 0x00000000c6400000, 0x00000000c6500000|  0%| F|  |TS  0|AC  0|TAMS 0x00000000c6400000, 0x00000000c6400000|
| 101|0x00000000c6500000, 0x00000000c6500000, 0x00000000c6600000|  0%| F|  |TS  0|AC  0|TAMS 0x00000000c6500000, 0x00000000c6500000|
| 102|0x00000000c6600000, 0x00000000c6600000, 0x00000000c6700000|  0%| F|  |TS  0|AC  0|TAMS 0x00000000c6600000, 0x00000000c6600000|
| 103|0x00000000c6700000, 0x00000000c6700000, 0x00000000c6800000|  0%| F|  |TS  0|AC  0|TAMS 0x00000000c6700000, 0x00000000c6700000|
| 104|0x00000000c6800000, 0x00000000c6800000, 0x00000000c6900000|  0%| F|  |TS  0|AC  0|TAMS 0x00000000c6800000, 0x00000000c6800000|
| 105|0x00000000c6900000, 0x00000000c6900000, 0x00000000c6a00000|  0%| F|  |TS  0|AC  0|TAMS 0x00000000c6900000, 0x00000000c6900000|
| 106|0x00000000c6a00000, 0x00000000c6a00000, 0x00000000c6b00000|  0%| F|  |TS  0|AC  0|TAMS 0x00000000c6a00000, 0x00000000c6a00000|
| 107|0x00000000c6b00000, 0x00000000c6b00000, 0x00000000c6c00000|  0%| F|  |TS  0|AC  0|TAMS 0x00000000c6b00000, 0x00000000c6b00000|
| 108|0x00000000c6c00000, 0x00000000c6c00000, 0x00000000c6d00000|  0%| F|  |TS  0|AC  0|TAMS 0x00000000c6c00000, 0x00000000c6c00000|
| 109|0x00000000c6d00000, 0x00000000c6d00000, 0x00000000c6e00000|  0%| F|  |TS  0|AC  0|TAMS 0x00000000c6d00000, 0x00000000c6d00000|
| 110|0x00000000c6e00000, 0x00000000c6e00000, 0x00000000c6f00000|  0%| F|  |TS  0|AC  0|TAMS 0x00000000c6e00000, 0x00000000c6e00000|
| 111|0x00000000c6f00000, 0x00000000c6f00000, 0x00000000c7000000|  0%| F|  |TS  0|AC  0|TAMS 0x00000000c6f00000, 0x00000000c6f00000|
| 112|0x00000000c7000000, 0x00000000c7000000, 0x00000000c7100000|  0%| F|  |TS  0|AC  0|TAMS 0x00000000c7000000, 0x00000000c7000000|
| 113|0x00000000c7100000, 0x00000000c7100000, 0x00000000c7200000|  0%| F|  |TS  0|AC  0|TAMS 0x00000000c7100000, 0x00000000c7100000|
| 114|0x00000000c7200000, 0x00000000c7200000, 0x00000000c7300000|  0%| F|  |TS  0|AC  0|TAMS 0x00000000c7200000, 0x00000000c7200000|
| 115|0x00000000c7300000, 0x00000000c7300000, 0x00000000c7400000|  0%| F|  |TS  0|AC  0|TAMS 0x00000000c7300000, 0x00000000c7300000|
| 116|0x00000000c7400000, 0x00000000c7400000, 0x00000000c7500000|  0%| F|  |TS  0|AC  0|TAMS 0x00000000c7400000, 0x00000000c7400000|
| 117|0x00000000c7500000, 0x00000000c7500000, 0x00000000c7600000|  0%| F|  |TS  0|AC  0|TAMS 0x00000000c7500000, 0x00000000c7500000|
| 118|0x00000000c7600000, 0x00000000c7600000, 0x00000000c7700000|  0%| F|  |TS  0|AC  0|TAMS 0x00000000c7600000, 0x00000000c7600000|
| 119|0x00000000c7700000, 0x00000000c7700000, 0x00000000c7800000|  0%| F|  |TS  0|AC  0|TAMS 0x00000000c7700000, 0x00000000c7700000|
| 120|0x00000000c7800000, 0x00000000c7800000, 0x00000000c7900000|  0%| F|  |TS  0|AC  0|TAMS 0x00000000c7800000, 0x00000000c7800000|
| 121|0x00000000c7900000, 0x00000000c7900000, 0x00000000c7a00000|  0%| F|  |TS  0|AC  0|TAMS 0x00000000c7900000, 0x00000000c7900000|
| 122|0x00000000c7a00000, 0x00000000c7a00000, 0x00000000c7b00000|  0%| F|  |TS  0|AC  0|TAMS 0x00000000c7a00000, 0x00000000c7a00000|
| 123|0x00000000c7b00000, 0x00000000c7b00000, 0x00000000c7c00000|  0%| F|  |TS  0|AC  0|TAMS 0x00000000c7b00000, 0x00000000c7b00000|
| 124|0x00000000c7c00000, 0x00000000c7c00000, 0x00000000c7d00000|  0%| F|  |TS  0|AC  0|TAMS 0x00000000c7c00000, 0x00000000c7c00000|
| 125|0x00000000c7d00000, 0x00000000c7d00000, 0x00000000c7e00000|  0%| F|  |TS  0|AC  0|TAMS 0x00000000c7d00000, 0x00000000c7d00000|
| 126|0x00000000c7e00000, 0x00000000c7e00000, 0x00000000c7f00000|  0%| F|  |TS  0|AC  0|TAMS 0x00000000c7e00000, 0x00000000c7e00000|
| 127|0x00000000c7f00000, 0x00000000c7f00000, 0x00000000c8000000|  0%| F|  |TS  0|AC  0|TAMS 0x00000000c7f00000, 0x00000000c7f00000|
| 128|0x00000000c8000000, 0x00000000c8000000, 0x00000000c8100000|  0%| F|  |TS  0|AC  0|TAMS 0x00000000c8000000, 0x00000000c8000000|
| 129|0x00000000c8100000, 0x00000000c8100000, 0x00000000c8200000|  0%| F|  |TS  0|AC  0|TAMS 0x00000000c8100000, 0x00000000c8100000|
| 130|0x00000000c8200000, 0x00000000c8200000, 0x00000000c8300000|  0%| F|  |TS  0|AC  0|TAMS 0x00000000c8200000, 0x00000000c8200000|
| 131|0x00000000c8300000, 0x00000000c8300000, 0x00000000c8400000|  0%| F|  |TS  0|AC  0|TAMS 0x00000000c8300000, 0x00000000c8300000|
| 132|0x00000000c8400000, 0x00000000c8400000, 0x00000000c8500000|  0%| F|  |TS  0|AC  0|TAMS 0x00000000c8400000, 0x00000000c8400000|
| 133|0x00000000c8500000, 0x00000000c8500000, 0x00000000c8600000|  0%| F|  |TS  0|AC  0|TAMS 0x00000000c8500000, 0x00000000c8500000|
| 134|0x00000000c8600000, 0x00000000c8600000, 0x00000000c8700000|  0%| F|  |TS  0|AC  0|TAMS 0x00000000c8600000, 0x00000000c8600000|
| 135|0x00000000c8700000, 0x00000000c8700000, 0x00000000c8800000|  0%| F|  |TS  0|AC  0|TAMS 0x00000000c8700000, 0x00000000c8700000|
| 136|0x00000000c8800000, 0x00000000c8800000, 0x00000000c8900000|  0%| F|  |TS  0|AC  0|TAMS 0x00000000c8800000, 0x00000000c8800000|
| 137|0x00000000c8900000, 0x00000000c8900000, 0x00000000c8a00000|  0%| F|  |TS  0|AC  0|TAMS 0x00000000c8900000, 0x00000000c8900000|
| 138|0x00000000c8a00000, 0x00000000c8a00000, 0x00000000c8b00000|  0%| F|  |TS  0|AC  0|TAMS 0x00000000c8a00000, 0x00000000c8a00000|
| 139|0x00000000c8b00000, 0x00000000c8b00000, 0x00000000c8c00000|  0%| F|  |TS  0|AC  0|TAMS 0x00000000c8b00000, 0x00000000c8b00000|
| 140|0x00000000c8c00000, 0x00000000c8c00000, 0x00000000c8d00000|  0%| F|  |TS  0|AC  0|TAMS 0x00000000c8c00000, 0x00000000c8c00000|
| 141|0x00000000c8d00000, 0x00000000c8d00000, 0x00000000c8e00000|  0%| F|  |TS  0|AC  0|TAMS 0x00000000c8d00000, 0x00000000c8d00000|
| 142|0x00000000c8e00000, 0x00000000c8e00000, 0x00000000c8f00000|  0%| F|  |TS  0|AC  0|TAMS 0x00000000c8e00000, 0x00000000c8e00000|
| 143|0x00000000c8f00000, 0x00000000c8f00000, 0x00000000c9000000|  0%| F|  |TS  0|AC  0|TAMS 0x00000000c8f00000, 0x00000000c8f00000|
| 144|0x00000000c9000000, 0x00000000c9000000, 0x00000000c9100000|  0%| F|  |TS  0|AC  0|TAMS 0x00000000c9000000, 0x00000000c9000000|
| 145|0x00000000c9100000, 0x00000000c9100000, 0x00000000c9200000|  0%| F|  |TS  0|AC  0|TAMS 0x00000000c9100000, 0x00000000c9100000|
| 146|0x00000000c9200000, 0x00000000c9200000, 0x00000000c9300000|  0%| F|  |TS  0|AC  0|TAMS 0x00000000c9200000, 0x00000000c9200000|
| 147|0x00000000c9300000, 0x00000000c9300000, 0x00000000c9400000|  0%| F|  |TS  0|AC  0|TAMS 0x00000000c9300000, 0x00000000c9300000|
| 148|0x00000000c9400000, 0x00000000c9400000, 0x00000000c9500000|  0%| F|  |TS  0|AC  0|TAMS 0x00000000c9400000, 0x00000000c9400000|
| 149|0x00000000c9500000, 0x00000000c9500000, 0x00000000c9600000|  0%| F|  |TS  0|AC  0|TAMS 0x00000000c9500000, 0x00000000c9500000|
| 150|0x00000000c9600000, 0x00000000c9600000, 0x00000000c9700000|  0%| F|  |TS  0|AC  0|TAMS 0x00000000c9600000, 0x00000000c9600000|
| 151|0x00000000c9700000, 0x00000000c9700000, 0x00000000c9800000|  0%| F|  |TS  0|AC  0|TAMS 0x00000000c9700000, 0x00000000c9700000|
| 152|0x00000000c9800000, 0x00000000c9800000, 0x00000000c9900000|  0%| F|  |TS  0|AC  0|TAMS 0x00000000c9800000, 0x00000000c9800000|
| 153|0x00000000c9900000, 0x00000000c9900000, 0x00000000c9a00000|  0%| F|  |TS  0|AC  0|TAMS 0x00000000c9900000, 0x00000000c9900000|
| 154|0x00000000c9a00000, 0x00000000c9a00000, 0x00000000c9b00000|  0%| F|  |TS  0|AC  0|TAMS 0x00000000c9a00000, 0x00000000c9a00000|
| 155|0x00000000c9b00000, 0x00000000c9b00000, 0x00000000c9c00000|  0%| F|  |TS  0|AC  0|TAMS 0x00000000c9b00000, 0x00000000c9b00000|
| 156|0x00000000c9c00000, 0x00000000c9c00000, 0x00000000c9d00000|  0%| F|  |TS  0|AC  0|TAMS 0x00000000c9c00000, 0x00000000c9c00000|
| 157|0x00000000c9d00000, 0x00000000c9d00000, 0x00000000c9e00000|  0%| F|  |TS  0|AC  0|TAMS 0x00000000c9d00000, 0x00000000c9d00000|
| 158|0x00000000c9e00000, 0x00000000c9e00000, 0x00000000c9f00000|  0%| F|  |TS  4|AC  0|TAMS 0x00000000c9e00000, 0x00000000c9e00000|
| 159|0x00000000c9f00000, 0x00000000ca000000, 0x00000000ca000000|100%| S|CS|TS  4|AC  0|TAMS 0x00000000c9f00000, 0x00000000c9f00000|
| 160|0x00000000ca000000, 0x00000000ca000000, 0x00000000ca100000|  0%| F|  |TS  4|AC  0|TAMS 0x00000000ca000000, 0x00000000ca000000|
| 161|0x00000000ca100000, 0x00000000ca100000, 0x00000000ca200000|  0%| F|  |TS  4|AC  0|TAMS 0x00000000ca100000, 0x00000000ca100000|
| 162|0x00000000ca200000, 0x00000000ca200000, 0x00000000ca300000|  0%| F|  |TS  4|AC  0|TAMS 0x00000000ca200000, 0x00000000ca200000|
| 163|0x00000000ca300000, 0x00000000ca300000, 0x00000000ca400000|  0%| F|  |TS  4|AC  0|TAMS 0x00000000ca300000, 0x00000000ca300000|
| 164|0x00000000ca400000, 0x00000000ca400000, 0x00000000ca500000|  0%| F|  |TS  4|AC  0|TAMS 0x00000000ca400000, 0x00000000ca400000|
| 165|0x00000000ca500000, 0x00000000ca500000, 0x00000000ca600000|  0%| F|  |TS  4|AC  0|TAMS 0x00000000ca500000, 0x00000000ca500000|
| 166|0x00000000ca600000, 0x00000000ca600000, 0x00000000ca700000|  0%| F|  |TS  4|AC  0|TAMS 0x00000000ca600000, 0x00000000ca600000|

Card table byte_map: [0x00007f2936810000,0x00007f2936a10000] byte_map_base: 0x00007f2936210000

Marking Bits (Prev, Next): (CMBitMap*) 0x00007f29500662c0, (CMBitMap*) 0x00007f29500662f8
 Prev Bits: [0x00007f2935610000, 0x00007f2936610000)
 Next Bits: [0x00007f2934610000, 0x00007f2935610000)

Polling page: 0x00007f2957895000

CodeHeap 'non-profiled nmethods': size=120032Kb used=1638Kb max_used=1656Kb free=118393Kb
 bounds [0x00007f293efcf000, 0x00007f293f23f000, 0x00007f2946507000]
CodeHeap 'profiled nmethods': size=120032Kb used=6454Kb max_used=6775Kb free=113577Kb
 bounds [0x00007f2937a97000, 0x00007f2938147000, 0x00007f293efcf000]
CodeHeap 'non-nmethods': size=5696Kb used=1183Kb max_used=1223Kb free=4512Kb
 bounds [0x00007f2937507000, 0x00007f2937777000, 0x00007f2937a97000]
 total_blobs=5179 nmethods=3208 adapters=469
 compilation: enabled

Compilation events (10 events):
Event: 1480.048 Thread 0x00007f2950185000 3744       3       com.sun.org.apache.xerces.internal.util.ParserConfigurationSettings::getFeature (20 bytes)
Event: 1480.049 Thread 0x00007f2950185000 nmethod 3744 0x00007f2937e8a810 code [0x00007f2937e8a9e0, 0x00007f2937e8ace8]
Event: 1480.049 Thread 0x00007f2950185000 3745       3       com.sun.org.apache.xerces.internal.util.FeatureState::isExceptional (8 bytes)
Event: 1480.049 Thread 0x00007f2950185000 nmethod 3745 0x00007f2937e89010 code [0x00007f2937e891c0, 0x00007f2937e89330]
Event: 1485.479 Thread 0x00007f2950185000 3746       3       java.util.concurrent.atomic.AtomicBoolean::<init> (18 bytes)
Event: 1489.363 Thread 0x00007f2950185000 nmethod 3746 0x00007f2937e8fc10 code [0x00007f2937e8fdc0, 0x00007f2937e8ffd0]
Event: 1492.103 Thread 0x00007f2950185000 3747       3       java.lang.invoke.ConstantCallSite::getTarget (20 bytes)
Event: 1492.702 Thread 0x00007f2950185000 nmethod 3747 0x00007f2937e8f790 code [0x00007f2937e8f960, 0x00007f2937e8fb68]
Event: 1498.213 Thread 0x00007f2950185000 3748       3       java.util.concurrent.locks.AbstractQueuedSynchronizer::acquire (27 bytes)
Event: 1499.569 Thread 0x00007f2950185000 nmethod 3748 0x00007f2937e8f010 code [0x00007f2937e8f200, 0x00007f2937e8f638]

GC Heap History (10 events):
Event: 1288.647 GC heap after
{Heap after GC invocations=22 (full 0):
 garbage-first heap   total 171008K, used 13610K [0x00000000c0000000, 0x0000000100000000)
  region size 1024K, 1 young (1024K), 1 survivors (1024K)
 Metaspace       used 33552K, capacity 35270K, committed 35584K, reserved 1081344K
  class space    used 3251K, capacity 3800K, committed 3840K, reserved 1048576K
}
Event: 1294.819 GC heap before
{Heap before GC invocations=22 (full 0):
 garbage-first heap   total 171008K, used 15658K [0x00000000c0000000, 0x0000000100000000)
  region size 1024K, 4 young (4096K), 1 survivors (1024K)
 Metaspace       used 33892K, capacity 35622K, committed 35840K, reserved 1081344K
  class space    used 3274K, capacity 3832K, committed 3840K, reserved 1048576K
}
Event: 1296.159 GC heap after
{Heap after GC invocations=23 (full 0):
 garbage-first heap   total 171008K, used 15790K [0x00000000c0000000, 0x0000000100000000)
  region size 1024K, 1 young (1024K), 1 survivors (1024K)
 Metaspace       used 33892K, capacity 35622K, committed 35840K, reserved 1081344K
  class space    used 3274K, capacity 3832K, committed 3840K, reserved 1048576K
}
Event: 1324.141 GC heap before
{Heap before GC invocations=24 (full 0):
 garbage-first heap   total 171008K, used 22958K [0x00000000c0000000, 0x0000000100000000)
  region size 1024K, 8 young (8192K), 1 survivors (1024K)
 Metaspace       used 34975K, capacity 36705K, committed 36992K, reserved 1083392K
  class space    used 3393K, capacity 3935K, committed 3968K, reserved 1048576K
}
Event: 1326.939 GC heap after
{Heap after GC invocations=25 (full 0):
 garbage-first heap   total 171008K, used 16489K [0x00000000c0000000, 0x0000000100000000)
  region size 1024K, 1 young (1024K), 1 survivors (1024K)
 Metaspace       used 34975K, capacity 36705K, committed 36992K, reserved 1083392K
  class space    used 3393K, capacity 3935K, committed 3968K, reserved 1048576K
}
Event: 1341.883 GC heap before
{Heap before GC invocations=25 (full 0):
 garbage-first heap   total 171008K, used 23657K [0x00000000c0000000, 0x0000000100000000)
  region size 1024K, 8 young (8192K), 1 survivors (1024K)
 Metaspace       used 35393K, capacity 37246K, committed 37632K, reserved 1083392K
  class space    used 3442K, capacity 4010K, committed 4096K, reserved 1048576K
}
Event: 1342.722 GC heap after
{Heap after GC invocations=26 (full 0):
 garbage-first heap   total 171008K, used 16976K [0x00000000c0000000, 0x0000000100000000)
  region size 1024K, 1 young (1024K), 1 survivors (1024K)
 Metaspace       used 35393K, capacity 37246K, committed 37632K, reserved 1083392K
  class space    used 3442K, capacity 4010K, committed 4096K, reserved 1048576K
}
Event: 1382.008 GC heap before
{Heap before GC invocations=26 (full 0):
 garbage-first heap   total 171008K, used 24144K [0x00000000c0000000, 0x0000000100000000)
  region size 1024K, 8 young (8192K), 1 survivors (1024K)
 Metaspace       used 37500K, capacity 39627K, committed 39680K, reserved 1085440K
  class space    used 3650K, capacity 4312K, committed 4352K, reserved 1048576K
}
Event: 1383.359 GC heap after
{Heap after GC invocations=27 (full 0):
 garbage-first heap   total 171008K, used 18060K [0x00000000c0000000, 0x0000000100000000)
  region size 1024K, 1 young (1024K), 1 survivors (1024K)
 Metaspace       used 37500K, capacity 39627K, committed 39680K, reserved 1085440K
  class space    used 3650K, capacity 4312K, committed 4352K, reserved 1048576K
}
Event: 1500.501 GC heap before
{Heap before GC invocations=27 (full 0):
 garbage-first heap   total 171008K, used 25228K [0x00000000c0000000, 0x0000000100000000)
  region size 1024K, 8 young (8192K), 1 survivors (1024K)
 Metaspace       used 39217K, capacity 41372K, committed 41472K, reserved 1085440K
  class space    used 3844K, capacity 4579K, committed 4608K, reserved 1048576K
}

Deoptimization events (10 events):
Event: 1340.305 Thread 0x00007f28b0011000 Uncommon trap: reason=unstable_if action=reinterpret pc=0x00007f293f105b50 method=org.codehaus.plexus.util.xml.pull.MXParser.parseStartTag()I @ 443 c2
Event: 1340.353 Thread 0x00007f28b8004800 Uncommon trap: reason=unstable_if action=reinterpret pc=0x00007f293f0ed500 method=java.util.concurrent.locks.AbstractQueuedSynchronizer.acquire(I)V @ 5 c2
Event: 1340.469 Thread 0x00007f28b0011000 Uncommon trap: reason=unstable_if action=reinterpret pc=0x00007f293f13df2c method=java.util.concurrent.ConcurrentHashMap.addCount(JI)V @ 34 c2
Event: 1342.752 Thread 0x00007f28b8004800 Uncommon trap: reason=unstable_if action=reinterpret pc=0x00007f293f0c3598 method=java.util.concurrent.ConcurrentHashMap.addCount(JI)V @ 7 c2
Event: 1344.225 Thread 0x00007f28b8004800 Uncommon trap: reason=unstable_if action=reinterpret pc=0x00007f293f0f4504 method=org.eclipse.osgi.internal.loader.ModuleClassLoader.defineClass(Ljava/lang/String;[BLorg/eclipse/osgi/internal/loader/classpath/ClasspathEntry;)Lorg/eclipse/osgi/internal/loa
Event: 1352.812 Thread 0x00007f28c41c3000 Uncommon trap: reason=unstable_if action=reinterpret pc=0x00007f293efdeb24 method=java.lang.String.equals(Ljava/lang/Object;)Z @ 27 c2
Event: 1362.659 Thread 0x00007f28c41c3000 Uncommon trap: reason=unstable_if action=reinterpret pc=0x00007f293f13a31c method=java.lang.reflect.Method.invoke(Ljava/lang/Object;[Ljava/lang/Object;)Ljava/lang/Object; @ 24 c2
Event: 1404.783 Thread 0x00007f28bc652000 Uncommon trap: reason=unstable_if action=reinterpret pc=0x00007f293f04badc method=java.lang.ref.SoftReference.get()Ljava/lang/Object; @ 6 c2
Event: 1492.267 Thread 0x00007f28c41c3000 Uncommon trap: reason=class_check action=maybe_recompile pc=0x00007f293f0a95d8 method=java.util.HashMap.removeNode(ILjava/lang/Object;Ljava/lang/Object;ZZ)Ljava/util/HashMap$Node; @ 68 c2
Event: 1492.340 Thread 0x00007f28c41c3000 Uncommon trap: reason=class_check action=maybe_recompile pc=0x00007f293f0a95d8 method=java.util.HashMap.removeNode(ILjava/lang/Object;Ljava/lang/Object;ZZ)Ljava/util/HashMap$Node; @ 68 c2

Classes redefined (0 events):
No events

Internal exceptions (10 events):
Event: 1167.147 Thread 0x00007f2950598000 Exception <a 'java/lang/NoSuchMethodError'{0x00000000c77bd558}: java.lang.Object.lambda$union$2(Ljava/util/regex/Pattern$CharPredicate;I)Z> (0x00000000c77bd558) thrown at [/build/openjdk-lts-tXWsoM/openjdk-lts-10.0.1+10/src/hotspot/share/interpreter/linkR
Event: 1180.029 Thread 0x00007f2950598000 Exception <a 'java/lang/NoSuchMethodError'{0x00000000c77d3f58}: java.lang.Object.lambda$union$1(Ljava/util/regex/Pattern$CharPredicate;I)Z> (0x00000000c77d3f58) thrown at [/build/openjdk-lts-tXWsoM/openjdk-lts-10.0.1+10/src/hotspot/share/interpreter/linkR
Event: 1274.473 Thread 0x00007f2950598000 Exception <a 'java/lang/NoClassDefFoundError'{0x00000000ca3e66f8}: com/google/inject/servlet/ServletModuleTargetVisitor> (0x00000000ca3e66f8) thrown at [/build/openjdk-lts-tXWsoM/openjdk-lts-10.0.1+10/src/hotspot/share/classfile/systemDictionary.cpp, line
Event: 1274.487 Thread 0x00007f2950598000 Exception <a 'java/lang/NoClassDefFoundError'{0x00000000ca3eb160}: javax/annotation/Priority> (0x00000000ca3eb160) thrown at [/build/openjdk-lts-tXWsoM/openjdk-lts-10.0.1+10/src/hotspot/share/classfile/systemDictionary.cpp, line 222]
Event: 1321.571 Thread 0x00007f2950598000 Implicit null exception at 0x00007f293f10a9ea to 0x00007f293f10b2da
Event: 1347.050 Thread 0x00007f28b0011000 Exception <a 'java/io/FileNotFoundException'{0x00000000ca6ca6d0}> (0x00000000ca6ca6d0) thrown at [/build/openjdk-lts-tXWsoM/openjdk-lts-10.0.1+10/src/hotspot/share/prims/jni.cpp, line 611]
Event: 1357.313 Thread 0x00007f28c41c3000 Exception <a 'sun/nio/fs/UnixException'{0x00000000ca39d5d8}> (0x00000000ca39d5d8) thrown at [/build/openjdk-lts-tXWsoM/openjdk-lts-10.0.1+10/src/hotspot/share/prims/jni.cpp, line 611]
Event: 1360.470 Thread 0x00007f28c41c3000 Exception <a 'java/io/FileNotFoundException'{0x00000000ca11ae90}> (0x00000000ca11ae90) thrown at [/build/openjdk-lts-tXWsoM/openjdk-lts-10.0.1+10/src/hotspot/share/prims/jni.cpp, line 611]
Event: 1360.505 Thread 0x00007f28c41c3000 Exception <a 'java/io/FileNotFoundException'{0x00000000ca170a40}> (0x00000000ca170a40) thrown at [/build/openjdk-lts-tXWsoM/openjdk-lts-10.0.1+10/src/hotspot/share/prims/jni.cpp, line 611]
Event: 1362.282 Thread 0x00007f28c41c3000 Exception <a 'java/io/FileNotFoundException'{0x00000000ca1dcf80}> (0x00000000ca1dcf80) thrown at [/build/openjdk-lts-tXWsoM/openjdk-lts-10.0.1+10/src/hotspot/share/prims/jni.cpp, line 611]

Events (10 events):
Event: 1492.339 Executing VM operation: RevokeBias
Event: 1492.339 Executing VM operation: RevokeBias done
Event: 1492.339 Executing VM operation: RevokeBias
Event: 1492.339 Executing VM operation: RevokeBias done
Event: 1492.340 Thread 0x00007f28c41c3000 Uncommon trap: trap_request=0xffffffde fr.pc=0x00007f293f0a95d8 relative=0x0000000000000678
Event: 1492.340 Thread 0x00007f28c41c3000 DEOPT PACKING pc=0x00007f293f0a95d8 sp=0x00007f28e27b98a0
Event: 1492.340 Thread 0x00007f28c41c3000 DEOPT UNPACKING pc=0x00007f293752efa5 sp=0x00007f28e27b9838 mode 2
Event: 1492.340 Executing VM operation: RevokeBias
Event: 1492.340 Executing VM operation: RevokeBias done
Event: 1500.307 Executing VM operation: G1IncCollectionPause


Dynamic libraries:
c0000000-ca700000 rw-p 00000000 00:00 0 
ce000000-100000000 ---p 00000000 00:00 0 
100000000-100480000 rw-p 00000000 00:00 0 
100480000-140000000 ---p 00000000 00:00 0 
55956ad02000-55956ad03000 r-xp 00000000 08:08 4857603                    /usr/lib/jvm/java-11-openjdk-amd64/bin/java
55956af03000-55956af04000 r--p 00001000 08:08 4857603                    /usr/lib/jvm/java-11-openjdk-amd64/bin/java
55956af04000-55956af05000 rw-p 00002000 08:08 4857603                    /usr/lib/jvm/java-11-openjdk-amd64/bin/java
55956c717000-55956c738000 rw-p 00000000 00:00 0                          [heap]
7f28b0000000-7f28b005a000 rw-p 00000000 00:00 0 
7f28b005a000-7f28b4000000 ---p 00000000 00:00 0 
7f28b8000000-7f28b80ab000 rw-p 00000000 00:00 0 
7f28b80ab000-7f28bc000000 ---p 00000000 00:00 0 
7f28bc000000-7f28bc744000 rw-p 00000000 00:00 0 
7f28bc744000-7f28c0000000 ---p 00000000 00:00 0 
7f28c0000000-7f28c0021000 rw-p 00000000 00:00 0 
7f28c0021000-7f28c4000000 ---p 00000000 00:00 0 
7f28c4000000-7f28c43e5000 rw-p 00000000 00:00 0 
7f28c43e5000-7f28c8000000 ---p 00000000 00:00 0 
7f28c8000000-7f28c8021000 rw-p 00000000 00:00 0 
7f28c8021000-7f28cc000000 ---p 00000000 00:00 0 
7f28cc000000-7f28cc021000 rw-p 00000000 00:00 0 
7f28cc021000-7f28d0000000 ---p 00000000 00:00 0 
7f28d0000000-7f28d0021000 rw-p 00000000 00:00 0 
7f28d0021000-7f28d4000000 ---p 00000000 00:00 0 
7f28d4000000-7f28d4021000 rw-p 00000000 00:00 0 
7f28d4021000-7f28d8000000 ---p 00000000 00:00 0 
7f28d8000000-7f28d8021000 rw-p 00000000 00:00 0 
7f28d8021000-7f28dc000000 ---p 00000000 00:00 0 
7f28dc000000-7f28dc021000 rw-p 00000000 00:00 0 
7f28dc021000-7f28e0000000 ---p 00000000 00:00 0 
7f28e0b87000-7f28e0baf000 r-xp 00000000 08:08 4857669                    /usr/lib/jvm/java-11-openjdk-amd64/lib/libsunec.so
7f28e0baf000-7f28e0daf000 ---p 00028000 08:08 4857669                    /usr/lib/jvm/java-11-openjdk-amd64/lib/libsunec.so
7f28e0daf000-7f28e0db3000 r--p 00028000 08:08 4857669                    /usr/lib/jvm/java-11-openjdk-amd64/lib/libsunec.so
7f28e0db3000-7f28e0db4000 rw-p 0002c000 08:08 4857669                    /usr/lib/jvm/java-11-openjdk-amd64/lib/libsunec.so
7f28e0db4000-7f28e0db8000 ---p 00000000 00:00 0 
7f28e0db8000-7f28e0eb5000 rw-p 00000000 00:00 0 
7f28e0eb5000-7f28e0eb9000 ---p 00000000 00:00 0 
7f28e0eb9000-7f28e11b6000 rw-p 00000000 00:00 0 
7f28e11b6000-7f28e13b6000 rw-p 00000000 00:00 0 
7f28e13b6000-7f28e13ba000 ---p 00000000 00:00 0 
7f28e13ba000-7f28e14b7000 rw-p 00000000 00:00 0 
7f28e14b7000-7f28e14bb000 ---p 00000000 00:00 0 
7f28e14bb000-7f28e17b8000 rw-p 00000000 00:00 0 
7f28e17b8000-7f28e19b8000 rw-p 00000000 00:00 0 
7f28e19b8000-7f28e1bb8000 rw-p 00000000 00:00 0 
7f28e1bb8000-7f28e1db8000 rw-p 00000000 00:00 0 
7f28e1db8000-7f28e1dbc000 ---p 00000000 00:00 0 
7f28e1dbc000-7f28e20b9000 rw-p 00000000 00:00 0 
7f28e20b9000-7f28e22b9000 rw-p 00000000 00:00 0 
7f28e22b9000-7f28e24b9000 rw-p 00000000 00:00 0 
7f28e24b9000-7f28e24bd000 ---p 00000000 00:00 0 
7f28e24bd000-7f28e25ba000 rw-p 00000000 00:00 0 
7f28e25ba000-7f28e25be000 ---p 00000000 00:00 0 
7f28e25be000-7f28e26bb000 rw-p 00000000 00:00 0 
7f28e26bb000-7f28e26bf000 ---p 00000000 00:00 0 
7f28e26bf000-7f28e27bc000 rw-p 00000000 00:00 0 
7f28e27bc000-7f28e27c0000 ---p 00000000 00:00 0 
7f28e27c0000-7f28e2abd000 rw-p 00000000 00:00 0 
7f28e2abd000-7f28e2cbd000 rw-p 00000000 00:00 0 
7f28e2cbd000-7f28e2cc1000 ---p 00000000 00:00 0 
7f28e2cc1000-7f28e2fbe000 rw-p 00000000 00:00 0 
7f28e2fbe000-7f28e2fce000 r-xp 00000000 08:08 2231391                    /home/darshana/.vscode/extensions/redhat.java-0.26.0/server/config_linux/org.eclipse.equinox.launcher/org.eclipse.equinox.launcher.gtk.linux.x86_64_1.1.700.v20180518-1200/eclipse_1705.so
7f28e2fce000-7f28e31cd000 ---p 00010000 08:08 2231391                    /home/darshana/.vscode/extensions/redhat.java-0.26.0/server/config_linux/org.eclipse.equinox.launcher/org.eclipse.equinox.launcher.gtk.linux.x86_64_1.1.700.v20180518-1200/eclipse_1705.so
7f28e31cd000-7f28e31ce000 r--p 0000f000 08:08 2231391                    /home/darshana/.vscode/extensions/redhat.java-0.26.0/server/config_linux/org.eclipse.equinox.launcher/org.eclipse.equinox.launcher.gtk.linux.x86_64_1.1.700.v20180518-1200/eclipse_1705.so
7f28e31ce000-7f28e31cf000 rw-p 00010000 08:08 2231391                    /home/darshana/.vscode/extensions/redhat.java-0.26.0/server/config_linux/org.eclipse.equinox.launcher/org.eclipse.equinox.launcher.gtk.linux.x86_64_1.1.700.v20180518-1200/eclipse_1705.so
7f28e31cf000-7f28e31d3000 ---p 00000000 00:00 0 
7f28e31d3000-7f28e32d0000 rw-p 00000000 00:00 0 
7f28e32d0000-7f28e32d4000 ---p 00000000 00:00 0 
7f28e32d4000-7f28e33d1000 rw-p 00000000 00:00 0 
7f28e33d1000-7f28e33d5000 ---p 00000000 00:00 0 
7f28e33d5000-7f28e36d2000 rw-p 00000000 00:00 0 
7f28e36d2000-7f28e38d2000 rw-p 00000000 00:00 0 
7f28e38d2000-7f28e38e8000 r-xp 00000000 08:08 4857663                    /usr/lib/jvm/java-11-openjdk-amd64/lib/libnet.so
7f28e38e8000-7f28e3ae8000 ---p 00016000 08:08 4857663                    /usr/lib/jvm/java-11-openjdk-amd64/lib/libnet.so
7f28e3ae8000-7f28e3ae9000 r--p 00016000 08:08 4857663                    /usr/lib/jvm/java-11-openjdk-amd64/lib/libnet.so
7f28e3ae9000-7f28e3aea000 rw-p 00017000 08:08 4857663                    /usr/lib/jvm/java-11-openjdk-amd64/lib/libnet.so
7f28e3aea000-7f28e3afb000 r-xp 00000000 08:08 4857664                    /usr/lib/jvm/java-11-openjdk-amd64/lib/libnio.so
7f28e3afb000-7f28e3cfa000 ---p 00011000 08:08 4857664                    /usr/lib/jvm/java-11-openjdk-amd64/lib/libnio.so
7f28e3cfa000-7f28e3cfb000 r--p 00010000 08:08 4857664                    /usr/lib/jvm/java-11-openjdk-amd64/lib/libnio.so
7f28e3cfb000-7f28e3cfc000 rw-p 00011000 08:08 4857664                    /usr/lib/jvm/java-11-openjdk-amd64/lib/libnio.so
7f28e3cfc000-7f28e3cfd000 ---p 00000000 00:00 0 
7f28e3cfd000-7f28e3dfe000 rw-p 00000000 00:00 0 
7f28e3dfe000-7f28e3e02000 ---p 00000000 00:00 0 
7f28e3e02000-7f28e3eff000 rw-p 00000000 00:00 0 
7f28e3eff000-7f28e3f03000 ---p 00000000 00:00 0 
7f28e3f03000-7f28e4000000 rw-p 00000000 00:00 0 
7f28e4000000-7f28e6075000 rw-p 00000000 00:00 0 
7f28e6075000-7f28e8000000 ---p 00000000 00:00 0 
7f28e8000000-7f28e83f1000 rw-p 00000000 00:00 0 
7f28e83f1000-7f28ec000000 ---p 00000000 00:00 0 
7f28ec000000-7f28ec021000 rw-p 00000000 00:00 0 
7f28ec021000-7f28f0000000 ---p 00000000 00:00 0 
7f28f0000000-7f28f21d7000 rw-p 00000000 00:00 0 
7f28f21d7000-7f28f4000000 ---p 00000000 00:00 0 
7f28f4000000-7f28f4021000 rw-p 00000000 00:00 0 
7f28f4021000-7f28f8000000 ---p 00000000 00:00 0 
7f28f8000000-7f28f8021000 rw-p 00000000 00:00 0 
7f28f8021000-7f28fc000000 ---p 00000000 00:00 0 
7f28fc000000-7f28fc055000 rw-p 00000000 00:00 0 
7f28fc055000-7f2900000000 ---p 00000000 00:00 0 
7f2900000000-7f29002f2000 rw-p 00000000 00:00 0 
7f29002f2000-7f2904000000 ---p 00000000 00:00 0 
7f2904000000-7f2904021000 rw-p 00000000 00:00 0 
7f2904021000-7f2908000000 ---p 00000000 00:00 0 
7f2908000000-7f2908021000 rw-p 00000000 00:00 0 
7f2908021000-7f290c000000 ---p 00000000 00:00 0 
7f290c000000-7f290c021000 rw-p 00000000 00:00 0 
7f290c021000-7f2910000000 ---p 00000000 00:00 0 
7f2910000000-7f2910021000 rw-p 00000000 00:00 0 
7f2910021000-7f2914000000 ---p 00000000 00:00 0 
7f2914000000-7f2914021000 rw-p 00000000 00:00 0 
7f2914021000-7f2918000000 ---p 00000000 00:00 0 
7f2918000000-7f2918021000 rw-p 00000000 00:00 0 
7f2918021000-7f291c000000 ---p 00000000 00:00 0 
7f291c01b000-7f291c01f000 ---p 00000000 00:00 0 
7f291c01f000-7f291c11c000 rw-p 00000000 00:00 0 
7f291c11c000-7f291c120000 ---p 00000000 00:00 0 
7f291c120000-7f291c21d000 rw-p 00000000 00:00 0 
7f291c21d000-7f291c221000 ---p 00000000 00:00 0 
7f291c221000-7f291c31e000 rw-p 00000000 00:00 0 
7f291c31e000-7f291c322000 ---p 00000000 00:00 0 
7f291c322000-7f291c41f000 rw-p 00000000 00:00 0 
7f291c41f000-7f291c423000 ---p 00000000 00:00 0 
7f291c423000-7f291c520000 rw-p 00000000 00:00 0 
7f291c520000-7f291cef0000 r--p 00000000 08:08 4725445                    /usr/lib/locale/locale-archive
7f291cef0000-7f291cef4000 ---p 00000000 00:00 0 
7f291cef4000-7f291cff1000 rw-p 00000000 00:00 0 
7f291cff1000-7f291cff5000 ---p 00000000 00:00 0 
7f291cff5000-7f291d0f2000 rw-p 00000000 00:00 0 
7f291d0f2000-7f291d0f3000 ---p 00000000 00:00 0 
7f291d0f3000-7f291d9f4000 rw-p 00000000 00:00 0 
7f291d9f4000-7f291d9f5000 ---p 00000000 00:00 0 
7f291d9f5000-7f291daf6000 rw-p 00000000 00:00 0 
7f291daf6000-7f291daf7000 ---p 00000000 00:00 0 
7f291daf7000-7f291dbf8000 rw-p 00000000 00:00 0 
7f291dbf8000-7f291dbf9000 ---p 00000000 00:00 0 
7f291dbf9000-7f291dcfa000 rw-p 00000000 00:00 0 
7f291dcfa000-7f291dcfb000 ---p 00000000 00:00 0 
7f291dcfb000-7f291ddfc000 rw-p 00000000 00:00 0 
7f291ddfc000-7f291ddfd000 ---p 00000000 00:00 0 
7f291ddfd000-7f291defe000 rw-p 00000000 00:00 0 
7f291defe000-7f291deff000 ---p 00000000 00:00 0 
7f291deff000-7f2920000000 rw-p 00000000 00:00 0 
7f2920000000-7f2920021000 rw-p 00000000 00:00 0 
7f2920021000-7f2924000000 ---p 00000000 00:00 0 
7f2924000000-7f2924021000 rw-p 00000000 00:00 0 
7f2924021000-7f2928000000 ---p 00000000 00:00 0 
7f2928000000-7f2928021000 rw-p 00000000 00:00 0 
7f2928021000-7f292c000000 ---p 00000000 00:00 0 
7f292c000000-7f292c021000 rw-p 00000000 00:00 0 
7f292c021000-7f2930000000 ---p 00000000 00:00 0 
7f2930000000-7f2930021000 rw-p 00000000 00:00 0 
7f2930021000-7f2934000000 ---p 00000000 00:00 0 
7f2934008000-7f293440c000 rw-p 00000000 00:00 0 
7f293440c000-7f293440d000 ---p 00000000 00:00 0 
7f293440d000-7f293450e000 rw-p 00000000 00:00 0 
7f293450e000-7f293450f000 ---p 00000000 00:00 0 
7f293450f000-7f29348ac000 rw-p 00000000 00:00 0 
7f29348ac000-7f2935610000 ---p 00000000 00:00 0 
7f2935610000-7f29358ac000 rw-p 00000000 00:00 0 
7f29358ac000-7f2936610000 ---p 00000000 00:00 0 
7f2936610000-7f2936664000 rw-p 00000000 00:00 0 
7f2936664000-7f2936810000 ---p 00000000 00:00 0 
7f2936810000-7f2936864000 rw-p 00000000 00:00 0 
7f2936864000-7f2936a10000 ---p 00000000 00:00 0 
7f2936a10000-7f2936a64000 rw-p 00000000 00:00 0 
7f2936a64000-7f2936c10000 ---p 00000000 00:00 0 
7f2936c10000-7f2937014000 rw-p 00000000 00:00 0 
7f2937014000-7f2937015000 ---p 00000000 00:00 0 
7f2937015000-7f2937116000 rw-p 00000000 00:00 0 
7f2937116000-7f2937117000 ---p 00000000 00:00 0 
7f2937117000-7f2937218000 rw-p 00000000 00:00 0 
7f2937218000-7f2937219000 ---p 00000000 00:00 0 
7f2937219000-7f293731a000 rw-p 00000000 00:00 0 
7f293731a000-7f293731b000 ---p 00000000 00:00 0 
7f293731b000-7f2937421000 rw-p 00000000 00:00 0 
7f2937421000-7f2937507000 ---p 00000000 00:00 0 
7f2937507000-7f2937777000 rwxp 00000000 00:00 0 
7f2937777000-7f2937a97000 ---p 00000000 00:00 0 
7f2937a97000-7f2938147000 rwxp 00000000 00:00 0 
7f2938147000-7f293efcf000 ---p 00000000 00:00 0 
7f293efcf000-7f293f23f000 rwxp 00000000 00:00 0 
7f293f23f000-7f2946507000 ---p 00000000 00:00 0 
7f2946507000-7f294f9e0000 r--s 00000000 08:08 4857673                    /usr/lib/jvm/java-11-openjdk-amd64/lib/modules
7f294f9e0000-7f294f9e5000 r-xp 00000000 08:08 4857655                    /usr/lib/jvm/java-11-openjdk-amd64/lib/libjimage.so
7f294f9e5000-7f294fbe4000 ---p 00005000 08:08 4857655                    /usr/lib/jvm/java-11-openjdk-amd64/lib/libjimage.so
7f294fbe4000-7f294fbe5000 r--p 00004000 08:08 4857655                    /usr/lib/jvm/java-11-openjdk-amd64/lib/libjimage.so
7f294fbe5000-7f294fbe6000 rw-p 00005000 08:08 4857655                    /usr/lib/jvm/java-11-openjdk-amd64/lib/libjimage.so
7f294fbe6000-7f294fbed000 r-xp 00000000 08:08 4857672                    /usr/lib/jvm/java-11-openjdk-amd64/lib/libzip.so
7f294fbed000-7f294fdec000 ---p 00007000 08:08 4857672                    /usr/lib/jvm/java-11-openjdk-amd64/lib/libzip.so
7f294fdec000-7f294fded000 r--p 00006000 08:08 4857672                    /usr/lib/jvm/java-11-openjdk-amd64/lib/libzip.so
7f294fded000-7f294fdee000 rw-p 00007000 08:08 4857672                    /usr/lib/jvm/java-11-openjdk-amd64/lib/libzip.so
7f294fdee000-7f294fdf9000 r-xp 00000000 08:08 5640996                    /lib/x86_64-linux-gnu/libnss_files-2.27.so
7f294fdf9000-7f294fff8000 ---p 0000b000 08:08 5640996                    /lib/x86_64-linux-gnu/libnss_files-2.27.so
7f294fff8000-7f294fff9000 r--p 0000a000 08:08 5640996                    /lib/x86_64-linux-gnu/libnss_files-2.27.so
7f294fff9000-7f294fffa000 rw-p 0000b000 08:08 5640996                    /lib/x86_64-linux-gnu/libnss_files-2.27.so
7f294fffa000-7f2950000000 rw-p 00000000 00:00 0 
7f2950000000-7f29505a1000 rw-p 00000000 00:00 0 
7f29505a1000-7f2954000000 ---p 00000000 00:00 0 
7f2954035000-7f29540b9000 rw-p 00000000 00:00 0 
7f29540b9000-7f2954196000 ---p 00000000 00:00 0 
7f2954196000-7f29541ad000 r-xp 00000000 08:08 5640990                    /lib/x86_64-linux-gnu/libnsl-2.27.so
7f29541ad000-7f29543ac000 ---p 00017000 08:08 5640990                    /lib/x86_64-linux-gnu/libnsl-2.27.so
7f29543ac000-7f29543ad000 r--p 00016000 08:08 5640990                    /lib/x86_64-linux-gnu/libnsl-2.27.so
7f29543ad000-7f29543ae000 rw-p 00017000 08:08 5640990                    /lib/x86_64-linux-gnu/libnsl-2.27.so
7f29543ae000-7f29543b0000 rw-p 00000000 00:00 0 
7f29543b0000-7f29543bb000 r-xp 00000000 08:08 5641007                    /lib/x86_64-linux-gnu/libnss_nis-2.27.so
7f29543bb000-7f29545ba000 ---p 0000b000 08:08 5641007                    /lib/x86_64-linux-gnu/libnss_nis-2.27.so
7f29545ba000-7f29545bb000 r--p 0000a000 08:08 5641007                    /lib/x86_64-linux-gnu/libnss_nis-2.27.so
7f29545bb000-7f29545bc000 rw-p 0000b000 08:08 5641007                    /lib/x86_64-linux-gnu/libnss_nis-2.27.so
7f29545bc000-7f29545c4000 r-xp 00000000 08:08 5640992                    /lib/x86_64-linux-gnu/libnss_compat-2.27.so
7f29545c4000-7f29547c4000 ---p 00008000 08:08 5640992                    /lib/x86_64-linux-gnu/libnss_compat-2.27.so
7f29547c4000-7f29547c5000 r--p 00008000 08:08 5640992                    /lib/x86_64-linux-gnu/libnss_compat-2.27.so
7f29547c5000-7f29547c6000 rw-p 00009000 08:08 5640992                    /lib/x86_64-linux-gnu/libnss_compat-2.27.so
7f29547c6000-7f29547f2000 r-xp 00000000 08:08 4857651                    /usr/lib/jvm/java-11-openjdk-amd64/lib/libjava.so
7f29547f2000-7f29549f1000 ---p 0002c000 08:08 4857651                    /usr/lib/jvm/java-11-openjdk-amd64/lib/libjava.so
7f29549f1000-7f29549f2000 r--p 0002b000 08:08 4857651                    /usr/lib/jvm/java-11-openjdk-amd64/lib/libjava.so
7f29549f2000-7f29549f4000 rw-p 0002c000 08:08 4857651                    /usr/lib/jvm/java-11-openjdk-amd64/lib/libjava.so
7f29549f4000-7f2954a01000 r-xp 00000000 08:08 4857671                    /usr/lib/jvm/java-11-openjdk-amd64/lib/libverify.so
7f2954a01000-7f2954c00000 ---p 0000d000 08:08 4857671                    /usr/lib/jvm/java-11-openjdk-amd64/lib/libverify.so
7f2954c00000-7f2954c02000 r--p 0000c000 08:08 4857671                    /usr/lib/jvm/java-11-openjdk-amd64/lib/libverify.so
7f2954c02000-7f2954c03000 rw-p 0000e000 08:08 4857671                    /usr/lib/jvm/java-11-openjdk-amd64/lib/libverify.so
7f2954c03000-7f2954c0a000 r-xp 00000000 08:08 5641047                    /lib/x86_64-linux-gnu/librt-2.27.so
7f2954c0a000-7f2954e09000 ---p 00007000 08:08 5641047                    /lib/x86_64-linux-gnu/librt-2.27.so
7f2954e09000-7f2954e0a000 r--p 00006000 08:08 5641047                    /lib/x86_64-linux-gnu/librt-2.27.so
7f2954e0a000-7f2954e0b000 rw-p 00007000 08:08 5641047                    /lib/x86_64-linux-gnu/librt-2.27.so
7f2954e0b000-7f2954e22000 r-xp 00000000 08:08 5640943                    /lib/x86_64-linux-gnu/libgcc_s.so.1
7f2954e22000-7f2955021000 ---p 00017000 08:08 5640943                    /lib/x86_64-linux-gnu/libgcc_s.so.1
7f2955021000-7f2955022000 r--p 00016000 08:08 5640943                    /lib/x86_64-linux-gnu/libgcc_s.so.1
7f2955022000-7f2955023000 rw-p 00017000 08:08 5640943                    /lib/x86_64-linux-gnu/libgcc_s.so.1
7f2955023000-7f29551c0000 r-xp 00000000 08:08 5640969                    /lib/x86_64-linux-gnu/libm-2.27.so
7f29551c0000-7f29553bf000 ---p 0019d000 08:08 5640969                    /lib/x86_64-linux-gnu/libm-2.27.so
7f29553bf000-7f29553c0000 r--p 0019c000 08:08 5640969                    /lib/x86_64-linux-gnu/libm-2.27.so
7f29553c0000-7f29553c1000 rw-p 0019d000 08:08 5640969                    /lib/x86_64-linux-gnu/libm-2.27.so
7f29553c1000-7f295553f000 r-xp 00000000 08:08 4727652                    /usr/lib/x86_64-linux-gnu/libstdc++.so.6.0.25
7f295553f000-7f295573f000 ---p 0017e000 08:08 4727652                    /usr/lib/x86_64-linux-gnu/libstdc++.so.6.0.25
7f295573f000-7f2955749000 r--p 0017e000 08:08 4727652                    /usr/lib/x86_64-linux-gnu/libstdc++.so.6.0.25
7f2955749000-7f295574b000 rw-p 00188000 08:08 4727652                    /usr/lib/x86_64-linux-gnu/libstdc++.so.6.0.25
7f295574b000-7f295574f000 rw-p 00000000 00:00 0 
7f295574f000-7f29566ec000 r-xp 00000000 08:08 5118734                    /usr/lib/jvm/java-11-openjdk-amd64/lib/server/libjvm.so
7f29566ec000-7f29568ec000 ---p 00f9d000 08:08 5118734                    /usr/lib/jvm/java-11-openjdk-amd64/lib/server/libjvm.so
7f29568ec000-7f29569b0000 r--p 00f9d000 08:08 5118734                    /usr/lib/jvm/java-11-openjdk-amd64/lib/server/libjvm.so
7f29569b0000-7f29569e8000 rw-p 01061000 08:08 5118734                    /usr/lib/jvm/java-11-openjdk-amd64/lib/server/libjvm.so
7f29569e8000-7f2956a31000 rw-p 00000000 00:00 0 
7f2956a31000-7f2956a4b000 r-xp 00000000 08:08 5641039                    /lib/x86_64-linux-gnu/libpthread-2.27.so
7f2956a4b000-7f2956c4a000 ---p 0001a000 08:08 5641039                    /lib/x86_64-linux-gnu/libpthread-2.27.so
7f2956c4a000-7f2956c4b000 r--p 00019000 08:08 5641039                    /lib/x86_64-linux-gnu/libpthread-2.27.so
7f2956c4b000-7f2956c4c000 rw-p 0001a000 08:08 5641039                    /lib/x86_64-linux-gnu/libpthread-2.27.so
7f2956c4c000-7f2956c50000 rw-p 00000000 00:00 0 
7f2956c50000-7f2956c53000 r-xp 00000000 08:08 5640929                    /lib/x86_64-linux-gnu/libdl-2.27.so
7f2956c53000-7f2956e52000 ---p 00003000 08:08 5640929                    /lib/x86_64-linux-gnu/libdl-2.27.so
7f2956e52000-7f2956e53000 r--p 00002000 08:08 5640929                    /lib/x86_64-linux-gnu/libdl-2.27.so
7f2956e53000-7f2956e54000 rw-p 00003000 08:08 5640929                    /lib/x86_64-linux-gnu/libdl-2.27.so
7f2956e54000-7f2956e70000 r-xp 00000000 08:08 5641078                    /lib/x86_64-linux-gnu/libz.so.1.2.11
7f2956e70000-7f295706f000 ---p 0001c000 08:08 5641078                    /lib/x86_64-linux-gnu/libz.so.1.2.11
7f295706f000-7f2957070000 r--p 0001b000 08:08 5641078                    /lib/x86_64-linux-gnu/libz.so.1.2.11
7f2957070000-7f2957071000 rw-p 0001c000 08:08 5641078                    /lib/x86_64-linux-gnu/libz.so.1.2.11
7f2957071000-7f2957258000 r-xp 00000000 08:08 5640906                    /lib/x86_64-linux-gnu/libc-2.27.so
7f2957258000-7f2957458000 ---p 001e7000 08:08 5640906                    /lib/x86_64-linux-gnu/libc-2.27.so
7f2957458000-7f295745c000 r--p 001e7000 08:08 5640906                    /lib/x86_64-linux-gnu/libc-2.27.so
7f295745c000-7f295745e000 rw-p 001eb000 08:08 5640906                    /lib/x86_64-linux-gnu/libc-2.27.so
7f295745e000-7f2957462000 rw-p 00000000 00:00 0 
7f2957462000-7f2957471000 r-xp 00000000 08:08 4857636                    /usr/lib/jvm/java-11-openjdk-amd64/lib/jli/libjli.so
7f2957471000-7f2957670000 ---p 0000f000 08:08 4857636                    /usr/lib/jvm/java-11-openjdk-amd64/lib/jli/libjli.so
7f2957670000-7f2957671000 r--p 0000e000 08:08 4857636                    /usr/lib/jvm/java-11-openjdk-amd64/lib/jli/libjli.so
7f2957671000-7f2957672000 rw-p 0000f000 08:08 4857636                    /usr/lib/jvm/java-11-openjdk-amd64/lib/jli/libjli.so
7f2957672000-7f2957699000 r-xp 00000000 08:08 5640878                    /lib/x86_64-linux-gnu/ld-2.27.so
7f29576b6000-7f29576ba000 ---p 00000000 00:00 0 
7f29576ba000-7f2957778000 rw-p 00000000 00:00 0 
7f2957778000-7f295777f000 ---p 00000000 00:00 0 
7f295777f000-7f2957783000 ---p 00000000 00:00 0 
7f2957783000-7f2957882000 rw-p 00000000 00:00 0 
7f295788c000-7f295788d000 rw-p 00000000 00:00 0 
7f295788d000-7f2957895000 rw-s 00000000 08:08 5377206                    /tmp/hsperfdata_darshana/26830
7f2957895000-7f2957896000 ---p 00000000 00:00 0 
7f2957896000-7f2957897000 r--p 00000000 00:00 0 
7f2957897000-7f2957899000 rw-p 00000000 00:00 0 
7f2957899000-7f295789a000 r--p 00027000 08:08 5640878                    /lib/x86_64-linux-gnu/ld-2.27.so
7f295789a000-7f295789b000 rw-p 00028000 08:08 5640878                    /lib/x86_64-linux-gnu/ld-2.27.so
7f295789b000-7f295789c000 rw-p 00000000 00:00 0 
7fffb468d000-7fffb46af000 rw-p 00000000 00:00 0                          [stack]
7fffb4773000-7fffb4776000 r--p 00000000 00:00 0                          [vvar]
7fffb4776000-7fffb4778000 r-xp 00000000 00:00 0                          [vdso]
ffffffffff600000-ffffffffff601000 r-xp 00000000 00:00 0                  [vsyscall]


VM Arguments:
jvm_args: --add-modules=ALL-SYSTEM --add-opens=java.base/java.util=ALL-UNNAMED --add-opens=java.base/java.lang=ALL-UNNAMED -Declipse.application=org.eclipse.jdt.ls.core.id1 -Dosgi.bundles.defaultStartLevel=4 -Declipse.product=org.eclipse.jdt.ls.core.product -Xverify:none -Xmx1G -XX:+UseG1GC -XX:+UseStringDeduplication 
java_command: /home/darshana/.vscode/extensions/redhat.java-0.26.0/server/plugins/org.eclipse.equinox.launcher_1.5.0.v20180512-1130.jar -configuration /home/darshana/.vscode/extensions/redhat.java-0.26.0/server/config_linux -data /tmp/vscodesws_cbbe6/jdt_ws
java_class_path (initial): /home/darshana/.vscode/extensions/redhat.java-0.26.0/server/plugins/org.eclipse.equinox.launcher_1.5.0.v20180512-1130.jar
Launcher Type: SUN_STANDARD

Logging:
Log output configuration:
#0: stdout all=warning uptime,level,tags
#1: stderr all=off uptime,level,tags

Environment Variables:
PATH=/home/darshana/.local/bin:/usr/local/sbin:/usr/local/bin:/usr/sbin:/usr/bin:/sbin:/bin:/usr/games:/usr/local/games:/snap/bin
USERNAME=darshana
SHELL=/bin/bash
DISPLAY=:0

Signal Handlers:
SIGSEGV: [libjvm.so+0xd28a90], sa_mask[0]=11111111011111111101111111111110, sa_flags=SA_RESTART|SA_SIGINFO
SIGBUS: [libjvm.so+0xd28a90], sa_mask[0]=11111111011111111101111111111110, sa_flags=SA_RESTART|SA_SIGINFO
SIGFPE: [libjvm.so+0xd28a90], sa_mask[0]=11111111011111111101111111111110, sa_flags=SA_RESTART|SA_SIGINFO
SIGPIPE: [libjvm.so+0xb2a110], sa_mask[0]=11111111011111111101111111111110, sa_flags=SA_RESTART|SA_SIGINFO
SIGXFSZ: [libjvm.so+0xb2a110], sa_mask[0]=11111111011111111101111111111110, sa_flags=SA_RESTART|SA_SIGINFO
SIGILL: [libjvm.so+0xd28a90], sa_mask[0]=11111111011111111101111111111110, sa_flags=SA_RESTART|SA_SIGINFO
SIGUSR2: [libjvm.so+0xb29f50], sa_mask[0]=00000000000000000000000000000000, sa_flags=SA_RESTART|SA_SIGINFO
SIGHUP: [libjvm.so+0xb2a0a0], sa_mask[0]=11111111011111111101111111111110, sa_flags=SA_RESTART|SA_SIGINFO
SIGINT: SIG_IGN, sa_mask[0]=00000000000000000000000000000000, sa_flags=none
SIGTERM: [libjvm.so+0xb2a0a0], sa_mask[0]=11111111011111111101111111111110, sa_flags=SA_RESTART|SA_SIGINFO
SIGQUIT: [libjvm.so+0xb2a0a0], sa_mask[0]=11111111011111111101111111111110, sa_flags=SA_RESTART|SA_SIGINFO


---------------  S Y S T E M  ---------------

OS:DISTRIB_ID=Ubuntu
DISTRIB_RELEASE=18.04
DISTRIB_CODENAME=bionic
DISTRIB_DESCRIPTION="Ubuntu 18.04 LTS"
uname:Linux 4.15.0-23-generic #25-Ubuntu SMP Wed May 23 18:02:16 UTC 2018 x86_64
libc:glibc 2.27 NPTL 2.27 
rlimit: STACK 8192k, CORE 0k, NPROC 31294, NOFILE 4096, AS infinity, DATA infinity, FSIZE infinity
load average:36.00 29.80 29.40

/proc/meminfo:
MemTotal:        8070456 kB
MemFree:          119728 kB
MemAvailable:      24200 kB
Buffers:            2856 kB
Cached:           916768 kB
SwapCached:         1468 kB
Active:          6782196 kB
Inactive:         867740 kB
Active(anon):    6768324 kB
Inactive(anon):   846168 kB
Active(file):      13872 kB
Inactive(file):    21572 kB
Unevictable:          32 kB
Mlocked:              32 kB
SwapTotal:       2097148 kB
SwapFree:              0 kB
Dirty:               184 kB
Writeback:           492 kB
AnonPages:       6729448 kB
Mapped:           318040 kB
Shmem:            884116 kB
Slab:             109628 kB
SReclaimable:      45264 kB
SUnreclaim:        64364 kB
KernelStack:       15472 kB
PageTables:        99152 kB
NFS_Unstable:          0 kB
Bounce:                0 kB
WritebackTmp:          0 kB
CommitLimit:     6132376 kB
Committed_AS:   27036308 kB
VmallocTotal:   34359738367 kB
VmallocUsed:           0 kB
VmallocChunk:          0 kB
HardwareCorrupted:     0 kB
AnonHugePages:         0 kB
ShmemHugePages:        0 kB
ShmemPmdMapped:        0 kB
CmaTotal:              0 kB
CmaFree:               0 kB
HugePages_Total:       0
HugePages_Free:        0
HugePages_Rsvd:        0
HugePages_Surp:        0
Hugepagesize:       2048 kB
DirectMap4k:      303324 kB
DirectMap2M:     6938624 kB
DirectMap1G:     1048576 kB

container (cgroup) information:
container_type: cgroupv1
cpu_cpuset_cpus: 0-3
cpu_memory_nodes: 0
active_processor_count: 4
cpu_quota: -1
cpu_period: 100000
cpu_shares: -1
memory_limit_in_bytes: -1
memory_and_swap_limit_in_bytes: -2
memory_soft_limit_in_bytes: -1
memory_usage_in_bytes: 7833010176
memory_max_usage_in_bytes: 3641344


CPU:total 4 (initial active 4) (2 cores per cpu, 2 threads per core) family 6 model 69 stepping 1, cmov, cx8, fxsr, mmx, sse, sse2, sse3, ssse3, sse4.1, sse4.2, popcnt, avx, avx2, aes, clmul, erms, lzcnt, ht, tsc, tscinvbit, bmi1, bmi2, fma
CPU Model and flags from /proc/cpuinfo:
model name	: Intel(R) Core(TM) i5-4210U CPU @ 1.70GHz
flags		: fpu vme de pse tsc msr pae mce cx8 apic sep mtrr pge mca cmov pat pse36 clflush dts acpi mmx fxsr sse sse2 ss ht tm pbe syscall nx pdpe1gb rdtscp lm constant_tsc arch_perfmon pebs bts rep_good nopl xtopology nonstop_tsc cpuid aperfmperf pni pclmulqdq dtes64 monitor ds_cpl vmx est tm2 ssse3 sdbg fma cx16 xtpr pdcm pcid sse4_1 sse4_2 movbe popcnt tsc_deadline_timer aes xsave avx f16c rdrand lahf_lm abm cpuid_fault epb invpcid_single pti ibrs ibpb stibp tpr_shadow vnmi flexpriority ept vpid fsgsbase tsc_adjust bmi1 avx2 smep bmi2 erms invpcid xsaveopt dtherm ida arat pln pts

Memory: 4k page, physical 8070456k(119944k free), swap 2097148k(8k free)

vm_info: OpenJDK 64-Bit Server VM (10.0.1+10-Ubuntu-3ubuntu1) for linux-amd64 JRE (10.0.1+10-Ubuntu-3ubuntu1), built on Apr 21 2018 13:41:27 by "buildd" with gcc 7.3.0

END.
